# JRE version: OpenJDK Runtime Environment (17.0.2+8) (build 17.0.2+8-86)
# Java VM: OpenJDK 64-Bit Server VM (17.0.2+8-86, mixed mode, sharing, tiered, compressed oops, compressed class ptrs, g1 gc, windows-amd64)
GC Precious Log:
 CPUs: 4 total, 4 available
 Memory: 4094M
 Large Page Support: Disabled
 NUMA Support: Disabled
 Compressed Oops: Enabled (32-bit)
 Heap Region Size: 1M
 Heap Min Capacity: 8M
 Heap Initial Capacity: 64M
 Heap Max Capacity: 1G
 Pre-touch: Disabled
 Parallel Workers: 4
 Concurrent Workers: 1
 Concurrent Refinement Workers: 4
 Periodic GC: Disabled
Heap:
 garbage-first heap   total 65536K, used 19984K [0x00000000c0000000, 0x0000000100000000)
  region size 1024K, 14 young (14336K), 4 survivors (4096K)
 Metaspace       used 20339K, committed 20544K, reserved 1073152K
  class space    used 2463K, committed 2560K, reserved 1048576K
GC Heap History (8 events):
Event: 52.614 GC heap before
{Heap before GC invocations=0 (full 0):
 garbage-first heap   total 65536K, used 14336K [0x00000000c0000000, 0x0000000100000000)
  region size 1024K, 13 young (13312K), 0 survivors (0K)
 Metaspace       used 4895K, committed 5056K, reserved 1056768K
  class space    used 536K, committed 640K, reserved 1048576K
}
Event: 52.707 GC heap after
{Heap after GC invocations=1 (full 0):
 garbage-first heap   total 65536K, used 7344K [0x00000000c0000000, 0x0000000100000000)
  region size 1024K, 2 young (2048K), 2 survivors (2048K)
 Metaspace       used 4895K, committed 5056K, reserved 1056768K
  class space    used 536K, committed 640K, reserved 1048576K
}
Event: 58.811 GC heap before
{Heap before GC invocations=1 (full 0):
 garbage-first heap   total 65536K, used 17584K [0x00000000c0000000, 0x0000000100000000)
  region size 1024K, 12 young (12288K), 2 survivors (2048K)
 Metaspace       used 7873K, committed 8000K, reserved 1056768K
  class space    used 896K, committed 960K, reserved 1048576K
}
Event: 58.817 GC heap after
{Heap after GC invocations=2 (full 0):
 garbage-first heap   total 65536K, used 8871K [0x00000000c0000000, 0x0000000100000000)
  region size 1024K, 2 young (2048K), 2 survivors (2048K)
 Metaspace       used 7873K, committed 8000K, reserved 1056768K
  class space    used 896K, committed 960K, reserved 1048576K
}
Event: 63.080 GC heap before
{Heap before GC invocations=2 (full 0):
 garbage-first heap   total 65536K, used 29351K [0x00000000c0000000, 0x0000000100000000)
  region size 1024K, 21 young (21504K), 2 survivors (2048K)
 Metaspace       used 10668K, committed 10880K, reserved 1064960K
  class space    used 1266K, committed 1344K, reserved 1048576K
}
Event: 63.086 GC heap after
{Heap after GC invocations=3 (full 0):
 garbage-first heap   total 65536K, used 9738K [0x00000000c0000000, 0x0000000100000000)
  region size 1024K, 2 young (2048K), 2 survivors (2048K)
 Metaspace       used 10668K, committed 10880K, reserved 1064960K
  class space    used 1266K, committed 1344K, reserved 1048576K
}
Event: 75.230 GC heap before
{Heap before GC invocations=3 (full 0):
 garbage-first heap   total 65536K, used 43530K [0x00000000c0000000, 0x0000000100000000)
  region size 1024K, 36 young (36864K), 2 survivors (2048K)
 Metaspace       used 18626K, committed 18944K, reserved 1073152K
  class space    used 2287K, committed 2432K, reserved 1048576K
}
Event: 75.247 GC heap after
{Heap after GC invocations=4 (full 0):
 garbage-first heap   total 65536K, used 11792K [0x00000000c0000000, 0x0000000100000000)
  region size 1024K, 4 young (4096K), 4 survivors (4096K)
 Metaspace       used 18626K, committed 18944K, reserved 1073152K
  class space    used 2287K, committed 2432K, reserved 1048576K
}

