# JRE version: OpenJDK Runtime Environment (17.0.2+8) (build 17.0.2+8-86)
# Java VM: OpenJDK 64-Bit Server VM (17.0.2+8-86, mixed mode, sharing, tiered, compressed oops, compressed class ptrs, g1 gc, windows-amd64)
GC Precious Log:
 CPUs: 4 total, 4 available
 Memory: 4094M
 Large Page Support: Disabled
 NUMA Support: Disabled
 Compressed Oops: Enabled (32-bit)
 Heap Region Size: 1M
 Heap Min Capacity: 8M
 Heap Initial Capacity: 64M
 Heap Max Capacity: 1G
 Pre-touch: Disabled
 Parallel Workers: 4
 Concurrent Workers: 1
 Concurrent Refinement Workers: 4
 Periodic GC: Disabled
Heap:
 garbage-first heap   total 58368K, used 39000K [0x00000000c0000000, 0x0000000100000000)
  region size 1024K, 8 young (8192K), 1 survivors (1024K)
 Metaspace       used 57748K, committed 58304K, reserved 1105920K
  class space    used 7667K, committed 7936K, reserved 1048576K
GC Heap History (20 events):
Event: 33.961 GC heap before
{Heap before GC invocations=14 (full 0):
 garbage-first heap   total 51200K, used 39895K [0x00000000c0000000, 0x0000000100000000)
  region size 1024K, 19 young (19456K), 2 survivors (2048K)
 Metaspace       used 38916K, committed 39424K, reserved 1089536K
  class space    used 5036K, committed 5312K, reserved 1048576K
}
Event: 33.975 GC heap after
{Heap after GC invocations=15 (full 0):
 garbage-first heap   total 51200K, used 23283K [0x00000000c0000000, 0x0000000100000000)
  region size 1024K, 3 young (3072K), 3 survivors (3072K)
 Metaspace       used 38916K, committed 39424K, reserved 1089536K
  class space    used 5036K, committed 5312K, reserved 1048576K
}
Event: 36.354 GC heap before
{Heap before GC invocations=15 (full 0):
 garbage-first heap   total 51200K, used 40691K [0x00000000c0000000, 0x0000000100000000)
  region size 1024K, 20 young (20480K), 3 survivors (3072K)
 Metaspace       used 41026K, committed 41600K, reserved 1089536K
  class space    used 5285K, committed 5568K, reserved 1048576K
}
Event: 36.370 GC heap after
{Heap after GC invocations=16 (full 0):
 garbage-first heap   total 51200K, used 25095K [0x00000000c0000000, 0x0000000100000000)
  region size 1024K, 3 young (3072K), 3 survivors (3072K)
 Metaspace       used 41026K, committed 41600K, reserved 1089536K
  class space    used 5285K, committed 5568K, reserved 1048576K
}
Event: 38.617 GC heap before
{Heap before GC invocations=16 (full 0):
 garbage-first heap   total 51200K, used 40455K [0x00000000c0000000, 0x0000000100000000)
  region size 1024K, 18 young (18432K), 3 survivors (3072K)
 Metaspace       used 43390K, committed 43904K, reserved 1089536K
  class space    used 5642K, committed 5888K, reserved 1048576K
}
Event: 38.626 GC heap after
{Heap after GC invocations=17 (full 0):
 garbage-first heap   total 51200K, used 27193K [0x00000000c0000000, 0x0000000100000000)
  region size 1024K, 2 young (2048K), 2 survivors (2048K)
 Metaspace       used 43390K, committed 43904K, reserved 1089536K
  class space    used 5642K, committed 5888K, reserved 1048576K
}
Event: 40.897 GC heap before
{Heap before GC invocations=17 (full 0):
 garbage-first heap   total 51200K, used 39481K [0x00000000c0000000, 0x0000000100000000)
  region size 1024K, 15 young (15360K), 2 survivors (2048K)
 Metaspace       used 45661K, committed 46144K, reserved 1089536K
  class space    used 6055K, committed 6272K, reserved 1048576K
}
Event: 40.908 GC heap after
{Heap after GC invocations=18 (full 0):
 garbage-first heap   total 51200K, used 28153K [0x00000000c0000000, 0x0000000100000000)
  region size 1024K, 1 young (1024K), 1 survivors (1024K)
 Metaspace       used 45661K, committed 46144K, reserved 1089536K
  class space    used 6055K, committed 6272K, reserved 1048576K
}
Event: 42.208 GC heap before
{Heap before GC invocations=19 (full 0):
 garbage-first heap   total 51200K, used 40441K [0x00000000c0000000, 0x0000000100000000)
  region size 1024K, 14 young (14336K), 1 survivors (1024K)
 Metaspace       used 47148K, committed 47744K, reserved 1097728K
  class space    used 6278K, committed 6592K, reserved 1048576K
}
Event: 42.215 GC heap after
{Heap after GC invocations=20 (full 0):
 garbage-first heap   total 51200K, used 29067K [0x00000000c0000000, 0x0000000100000000)
  region size 1024K, 2 young (2048K), 2 survivors (2048K)
 Metaspace       used 47148K, committed 47744K, reserved 1097728K
  class space    used 6278K, committed 6592K, reserved 1048576K
}
Event: 43.294 GC heap before
{Heap before GC invocations=20 (full 0):
 garbage-first heap   total 51200K, used 41355K [0x00000000c0000000, 0x0000000100000000)
  region size 1024K, 14 young (14336K), 2 survivors (2048K)
 Metaspace       used 49226K, committed 49728K, reserved 1097728K
  class space    used 6552K, committed 6784K, reserved 1048576K
}
Event: 43.305 GC heap after
{Heap after GC invocations=21 (full 0):
 garbage-first heap   total 51200K, used 30036K [0x00000000c0000000, 0x0000000100000000)
  region size 1024K, 2 young (2048K), 2 survivors (2048K)
 Metaspace       used 49226K, committed 49728K, reserved 1097728K
  class space    used 6552K, committed 6784K, reserved 1048576K
}
Event: 45.980 GC heap before
{Heap before GC invocations=22 (full 0):
 garbage-first heap   total 53248K, used 41300K [0x00000000c0000000, 0x0000000100000000)
  region size 1024K, 13 young (13312K), 2 survivors (2048K)
 Metaspace       used 52177K, committed 52736K, reserved 1097728K
  class space    used 6920K, committed 7168K, reserved 1048576K
}
Event: 45.992 GC heap after
{Heap after GC invocations=23 (full 0):
 garbage-first heap   total 53248K, used 32165K [0x00000000c0000000, 0x0000000100000000)
  region size 1024K, 2 young (2048K), 2 survivors (2048K)
 Metaspace       used 52177K, committed 52736K, reserved 1097728K
  class space    used 6920K, committed 7168K, reserved 1048576K
}
Event: 94.109 GC heap before
{Heap before GC invocations=23 (full 0):
 garbage-first heap   total 53248K, used 42405K [0x00000000c0000000, 0x0000000100000000)
  region size 1024K, 12 young (12288K), 2 survivors (2048K)
 Metaspace       used 53798K, committed 54400K, reserved 1097728K
  class space    used 7126K, committed 7424K, reserved 1048576K
}
Event: 94.122 GC heap after
{Heap after GC invocations=24 (full 0):
 garbage-first heap   total 53248K, used 33123K [0x00000000c0000000, 0x0000000100000000)
  region size 1024K, 1 young (1024K), 1 survivors (1024K)
 Metaspace       used 53798K, committed 54400K, reserved 1097728K
  class space    used 7126K, committed 7424K, reserved 1048576K
}
Event: 305.175 GC heap before
{Heap before GC invocations=25 (full 0):
 garbage-first heap   total 58368K, used 41315K [0x00000000c0000000, 0x0000000100000000)
  region size 1024K, 10 young (10240K), 1 survivors (1024K)
 Metaspace       used 56084K, committed 56640K, reserved 1097728K
  class space    used 7408K, committed 7680K, reserved 1048576K
}
Event: 305.193 GC heap after
{Heap after GC invocations=26 (full 0):
 garbage-first heap   total 58368K, used 33701K [0x00000000c0000000, 0x0000000100000000)
  region size 1024K, 2 young (2048K), 2 survivors (2048K)
 Metaspace       used 56084K, committed 56640K, reserved 1097728K
  class space    used 7408K, committed 7680K, reserved 1048576K
}
Event: 305.576 GC heap before
{Heap before GC invocations=26 (full 0):
 garbage-first heap   total 58368K, used 34725K [0x00000000c0000000, 0x0000000100000000)
  region size 1024K, 3 young (3072K), 2 survivors (2048K)
 Metaspace       used 56374K, committed 56960K, reserved 1105920K
  class space    used 7449K, committed 7744K, reserved 1048576K
}
Event: 305.603 GC heap after
{Heap after GC invocations=27 (full 0):
 garbage-first heap   total 58368K, used 32856K [0x00000000c0000000, 0x0000000100000000)
  region size 1024K, 1 young (1024K), 1 survivors (1024K)
 Metaspace       used 56374K, committed 56960K, reserved 1105920K
  class space    used 7449K, committed 7744K, reserved 1048576K
}

