# JRE version: OpenJDK Runtime Environment (17.0.2+8) (build 17.0.2+8-86)
# Java VM: OpenJDK 64-Bit Server VM (17.0.2+8-86, mixed mode, sharing, tiered, compressed oops, compressed class ptrs, g1 gc, windows-amd64)
GC Precious Log:
 CPUs: 4 total, 4 available
 Memory: 4094M
 Large Page Support: Disabled
 NUMA Support: Disabled
 Compressed Oops: Enabled (32-bit)
 Heap Region Size: 1M
 Heap Min Capacity: 8M
 Heap Initial Capacity: 64M
 Heap Max Capacity: 1G
 Pre-touch: Disabled
 Parallel Workers: 4
 Concurrent Workers: 1
 Concurrent Refinement Workers: 4
 Periodic GC: Disabled
Heap:
 garbage-first heap   total 55296K, used 26097K [0x00000000c0000000, 0x0000000100000000)
  region size 1024K, 9 young (9216K), 3 survivors (3072K)
 Metaspace       used 30408K, committed 30784K, reserved 1081344K
  class space    used 3793K, committed 3968K, reserved 1048576K
GC Heap History (16 events):
Event: 24.492 GC heap before
{Heap before GC invocations=0 (full 0):
 garbage-first heap   total 65536K, used 14336K [0x00000000c0000000, 0x0000000100000000)
  region size 1024K, 13 young (13312K), 0 survivors (0K)
 Metaspace       used 4877K, committed 5056K, reserved 1056768K
  class space    used 535K, committed 640K, reserved 1048576K
}
Event: 24.670 GC heap after
{Heap after GC invocations=1 (full 0):
 garbage-first heap   total 65536K, used 7416K [0x00000000c0000000, 0x0000000100000000)
  region size 1024K, 2 young (2048K), 2 survivors (2048K)
 Metaspace       used 4877K, committed 5056K, reserved 1056768K
  class space    used 535K, committed 640K, reserved 1048576K
}
Event: 27.408 GC heap before
{Heap before GC invocations=1 (full 0):
 garbage-first heap   total 65536K, used 13560K [0x00000000c0000000, 0x0000000100000000)
  region size 1024K, 8 young (8192K), 2 survivors (2048K)
 Metaspace       used 6910K, committed 7104K, reserved 1056768K
  class space    used 767K, committed 832K, reserved 1048576K
}
Event: 27.418 GC heap after
{Heap after GC invocations=2 (full 0):
 garbage-first heap   total 65536K, used 8459K [0x00000000c0000000, 0x0000000100000000)
  region size 1024K, 1 young (1024K), 1 survivors (1024K)
 Metaspace       used 6910K, committed 7104K, reserved 1056768K
  class space    used 767K, committed 832K, reserved 1048576K
}
Event: 42.176 GC heap before
{Heap before GC invocations=2 (full 0):
 garbage-first heap   total 65536K, used 27915K [0x00000000c0000000, 0x0000000100000000)
  region size 1024K, 20 young (20480K), 1 survivors (1024K)
 Metaspace       used 11424K, committed 11712K, reserved 1064960K
  class space    used 1404K, committed 1536K, reserved 1048576K
}
Event: 42.189 GC heap after
{Heap after GC invocations=3 (full 0):
 garbage-first heap   total 65536K, used 9968K [0x00000000c0000000, 0x0000000100000000)
  region size 1024K, 3 young (3072K), 3 survivors (3072K)
 Metaspace       used 11424K, committed 11712K, reserved 1064960K
  class space    used 1404K, committed 1536K, reserved 1048576K
}
Event: 54.905 GC heap before
{Heap before GC invocations=3 (full 0):
 garbage-first heap   total 65536K, used 38640K [0x00000000c0000000, 0x0000000100000000)
  region size 1024K, 32 young (32768K), 3 survivors (3072K)
 Metaspace       used 18624K, committed 18944K, reserved 1073152K
  class space    used 2295K, committed 2432K, reserved 1048576K
}
Event: 54.918 GC heap after
{Heap after GC invocations=4 (full 0):
 garbage-first heap   total 65536K, used 11800K [0x00000000c0000000, 0x0000000100000000)
  region size 1024K, 4 young (4096K), 4 survivors (4096K)
 Metaspace       used 18624K, committed 18944K, reserved 1073152K
  class space    used 2295K, committed 2432K, reserved 1048576K
}
Event: 63.795 GC heap before
{Heap before GC invocations=4 (full 0):
 garbage-first heap   total 65536K, used 25112K [0x00000000c0000000, 0x0000000100000000)
  region size 1024K, 19 young (19456K), 4 survivors (4096K)
 Metaspace       used 21224K, committed 21504K, reserved 1073152K
  class space    used 2557K, committed 2688K, reserved 1048576K
}
Event: 63.813 GC heap after
{Heap after GC invocations=5 (full 0):
 garbage-first heap   total 65536K, used 14152K [0x00000000c0000000, 0x0000000100000000)
  region size 1024K, 5 young (5120K), 5 survivors (5120K)
 Metaspace       used 21224K, committed 21504K, reserved 1073152K
  class space    used 2557K, committed 2688K, reserved 1048576K
}
Event: 90.968 GC heap before
{Heap before GC invocations=6 (full 0):
 garbage-first heap   total 55296K, used 41800K [0x00000000c0000000, 0x0000000100000000)
  region size 1024K, 32 young (32768K), 5 survivors (5120K)
 Metaspace       used 23133K, committed 23488K, reserved 1073152K
  class space    used 2789K, committed 2944K, reserved 1048576K
}
Event: 90.988 GC heap after
{Heap after GC invocations=7 (full 0):
 garbage-first heap   total 55296K, used 15354K [0x00000000c0000000, 0x0000000100000000)
  region size 1024K, 3 young (3072K), 3 survivors (3072K)
 Metaspace       used 23133K, committed 23488K, reserved 1073152K
  class space    used 2789K, committed 2944K, reserved 1048576K
}
Event: 110.079 GC heap before
{Heap before GC invocations=7 (full 0):
 garbage-first heap   total 55296K, used 38906K [0x00000000c0000000, 0x0000000100000000)
  region size 1024K, 26 young (26624K), 3 survivors (3072K)
 Metaspace       used 25722K, committed 26048K, reserved 1073152K
  class space    used 3173K, committed 3328K, reserved 1048576K
}
Event: 110.102 GC heap after
{Heap after GC invocations=8 (full 0):
 garbage-first heap   total 55296K, used 17795K [0x00000000c0000000, 0x0000000100000000)
  region size 1024K, 3 young (3072K), 3 survivors (3072K)
 Metaspace       used 25722K, committed 26048K, reserved 1073152K
  class space    used 3173K, committed 3328K, reserved 1048576K
}
Event: 127.536 GC heap before
{Heap before GC invocations=8 (full 0):
 garbage-first heap   total 55296K, used 39299K [0x00000000c0000000, 0x0000000100000000)
  region size 1024K, 24 young (24576K), 3 survivors (3072K)
 Metaspace       used 29871K, committed 30272K, reserved 1081344K
  class space    used 3723K, committed 3904K, reserved 1048576K
}
Event: 127.557 GC heap after
{Heap after GC invocations=9 (full 0):
 garbage-first heap   total 55296K, used 19953K [0x00000000c0000000, 0x0000000100000000)
  region size 1024K, 3 young (3072K), 3 survivors (3072K)
 Metaspace       used 29871K, committed 30272K, reserved 1081344K
  class space    used 3723K, committed 3904K, reserved 1048576K
}

